en-us-ptm/README 45c80a79247b52dc6b48f2f07744d91d
en-us-ptm/sendump 75328625279cdbb72f800b315365ff45
0409.log_pronounce 6fb00d78cd79ea666cf05930788261eb
menu.gram 389082afac03b40421b17f37538a256e
0409.dict 61d896c8f42f1fb8bc13c085339b5811
en-us-ptm/feat.params 1124afb8cc8f875fd2daa47683e68530
en-us/means d0ee21e7d0e03575f27497b2833c6f02
en-us-ptm/noisedict 05034ffef21f4810d10d3c76a6f5e921
en-us-ptm/variances d4d6ba74707952aa7e00c3bc1e7d0fb4
cmudict-en-us.dict 3eddf5f3caa64801f70c9de9c4966f4f
0409.sent d7719143fa56b28a12c30182a6848227
en-us/noisedict 05034ffef21f4810d10d3c76a6f5e921
en-us-ptm/transition_matrices 7a63d8971f81eef2154ea38b8bdfe520
en-us-ptm/mdef ba13d30c2fee63e039e119ab449bd618
0409.lm ce612aba15117160afba6078eabb9ea3
en-us/mdef.txt d31540bd4506dea2e89af493e649a616
en-us/README 45c80a79247b52dc6b48f2f07744d91d
en-us/sendump 99fd8cd8a32178de3caa947673833f88
en-us/variances 4ce14f9e9494dde7344bcddf70602e7d
en-us-ptm/means d0ee21e7d0e03575f27497b2833c6f02
en-us/transition_matrices 26fd3ba1fdf6a70a523ce4150c19ca62
en-us/mdef ba13d30c2fee63e039e119ab449bd618
en-us/mixture_weights 90be1b0c893d235738766bc3c10b69b7
weather.dmp b6ff7102bbcd634e2db79dad0cf7ac9f
en-phone.dmp 912236bae5e072d02ab1ec5b0c202a68
digits.gram f0e6007a6b7e4b11d3eb5e71be74bda2
0409.vocab c453b99a6798c1dfd632ae1686004191
